<?xml version="1.0" encoding="UTF-8"?>
<!-- Generated by org.testng.reporters.JUnitReportReporter -->
<testsuite hostname="DESKTOP-AB6BR8M" failures="0" tests="1" name="com.ShoppersStack_testScripts.TC_001_Verify_user_is_able_to_add_address_or_not" time="25.683" errors="0" timestamp="2024-09-03T13:05:05 IST" skipped="0">
  <testcase classname="com.ShoppersStack_testScripts.TC_001_Verify_user_is_able_to_add_address_or_not" name="addAddress" time="25.683"/>
</testsuite> <!-- com.ShoppersStack_testScripts.TC_001_Verify_user_is_able_to_add_address_or_not -->
