<?xml version="1.0" encoding="UTF-8"?>
<!-- Generated by org.testng.reporters.JUnitReportReporter -->
<testsuite hostname="DESKTOP-AB6BR8M" failures="0" tests="1" name="com.ShoppersStack_testScripts.TC_002_Verify_user_is_able_to_delete_address_or_not" time="28.778" errors="0" timestamp="2024-09-04T12:46:55 IST" skipped="0">
  <testcase classname="com.ShoppersStack_testScripts.TC_002_Verify_user_is_able_to_delete_address_or_not" name="deleteAddress" time="28.778"/>
</testsuite> <!-- com.ShoppersStack_testScripts.TC_002_Verify_user_is_able_to_delete_address_or_not -->
